{"t":{"$date":"2020-09-02T16:08:47.393+05:30"},"s":"I",  "c":"CONTROL",  "id":23285,   "ctx":"main","msg":"Automatically disabling TLS 1.0, to force-enable TLS 1.0 specify --sslDisabledProtocols 'none'"}
{"t":{"$date":"2020-09-02T16:08:48.971+05:30"},"s":"W",  "c":"ASIO",     "id":22601,   "ctx":"main","msg":"No TransportLayer configured during NetworkInterface startup"}
{"t":{"$date":"2020-09-02T16:08:48.973+05:30"},"s":"I",  "c":"NETWORK",  "id":4648602, "ctx":"main","msg":"Implicit TCP FastOpen in use."}
{"t":{"$date":"2020-09-02T16:08:48.975+05:30"},"s":"I",  "c":"STORAGE",  "id":4615611, "ctx":"initandlisten","msg":"MongoDB starting","attr":{"pid":6852,"port":27017,"dbPath":"./data/db","architecture":"64-bit","host":"W00000R90VXF72"}}
{"t":{"$date":"2020-09-02T16:08:48.977+05:30"},"s":"I",  "c":"CONTROL",  "id":23398,   "ctx":"initandlisten","msg":"Target operating system minimum version","attr":{"targetMinOS":"Windows 7/Windows Server 2008 R2"}}
{"t":{"$date":"2020-09-02T16:08:48.977+05:30"},"s":"I",  "c":"CONTROL",  "id":23403,   "ctx":"initandlisten","msg":"Build Info","attr":{"buildInfo":{"version":"4.4.0","gitVersion":"563487e100c4215e2dce98d0af2a6a5a2d67c5cf","modules":[],"allocator":"tcmalloc","environment":{"distmod":"windows","distarch":"x86_64","target_arch":"x86_64"}}}}
{"t":{"$date":"2020-09-02T16:08:48.977+05:30"},"s":"I",  "c":"CONTROL",  "id":51765,   "ctx":"initandlisten","msg":"Operating System","attr":{"os":{"name":"Microsoft Windows 10","version":"10.0 (build 17763)"}}}
{"t":{"$date":"2020-09-02T16:08:48.977+05:30"},"s":"I",  "c":"CONTROL",  "id":21951,   "ctx":"initandlisten","msg":"Options set by command line","attr":{"options":{"storage":{"dbPath":"./data/db"},"systemLog":{"destination":"file","path":"./logs/mongod.log"}}}}
{"t":{"$date":"2020-09-02T16:08:48.985+05:30"},"s":"I",  "c":"STORAGE",  "id":22270,   "ctx":"initandlisten","msg":"Storage engine to use detected by data files","attr":{"dbpath":"./data/db","storageEngine":"wiredTiger"}}
{"t":{"$date":"2020-09-02T16:08:48.987+05:30"},"s":"I",  "c":"STORAGE",  "id":22315,   "ctx":"initandlisten","msg":"Opening WiredTiger","attr":{"config":"create,cache_size=7581M,session_max=33000,eviction=(threads_min=4,threads_max=4),config_base=false,statistics=(fast),log=(enabled=true,archive=true,path=journal,compressor=snappy),file_manager=(close_idle_time=100000,close_scan_interval=10,close_handle_minimum=250),statistics_log=(wait=0),verbose=[recovery_progress,checkpoint_progress,compact_progress],"}}
{"t":{"$date":"2020-09-02T16:08:49.077+05:30"},"s":"I",  "c":"STORAGE",  "id":22430,   "ctx":"initandlisten","msg":"WiredTiger message","attr":{"message":"[1599043129:76920][6852:140703573889632], txn-recover: [WT_VERB_RECOVERY_PROGRESS] Recovering log 3 through 4"}}
{"t":{"$date":"2020-09-02T16:08:49.171+05:30"},"s":"I",  "c":"STORAGE",  "id":22430,   "ctx":"initandlisten","msg":"WiredTiger message","attr":{"message":"[1599043129:171503][6852:140703573889632], txn-recover: [WT_VERB_RECOVERY_PROGRESS] Recovering log 4 through 4"}}
{"t":{"$date":"2020-09-02T16:08:49.273+05:30"},"s":"I",  "c":"STORAGE",  "id":22430,   "ctx":"initandlisten","msg":"WiredTiger message","attr":{"message":"[1599043129:272879][6852:140703573889632], txn-recover: [WT_VERB_RECOVERY | WT_VERB_RECOVERY_PROGRESS] Main recovery loop: starting at 3/11008 to 4/256"}}
{"t":{"$date":"2020-09-02T16:08:49.439+05:30"},"s":"I",  "c":"STORAGE",  "id":22430,   "ctx":"initandlisten","msg":"WiredTiger message","attr":{"message":"[1599043129:438777][6852:140703573889632], txn-recover: [WT_VERB_RECOVERY_PROGRESS] Recovering log 3 through 4"}}
{"t":{"$date":"2020-09-02T16:08:49.520+05:30"},"s":"I",  "c":"STORAGE",  "id":22430,   "ctx":"initandlisten","msg":"WiredTiger message","attr":{"message":"[1599043129:520670][6852:140703573889632], txn-recover: [WT_VERB_RECOVERY_PROGRESS] Recovering log 4 through 4"}}
{"t":{"$date":"2020-09-02T16:08:49.587+05:30"},"s":"I",  "c":"STORAGE",  "id":22430,   "ctx":"initandlisten","msg":"WiredTiger message","attr":{"message":"[1599043129:587157][6852:140703573889632], txn-recover: [WT_VERB_RECOVERY | WT_VERB_RECOVERY_PROGRESS] Set global recovery timestamp: (0, 0)"}}
{"t":{"$date":"2020-09-02T16:08:49.603+05:30"},"s":"I",  "c":"STORAGE",  "id":4795906, "ctx":"initandlisten","msg":"WiredTiger opened","attr":{"durationMillis":616}}
{"t":{"$date":"2020-09-02T16:08:49.603+05:30"},"s":"I",  "c":"RECOVERY", "id":23987,   "ctx":"initandlisten","msg":"WiredTiger recoveryTimestamp","attr":{"recoveryTimestamp":{"$timestamp":{"t":0,"i":0}}}}
{"t":{"$date":"2020-09-02T16:08:49.615+05:30"},"s":"I",  "c":"STORAGE",  "id":22262,   "ctx":"initandlisten","msg":"Timestamp monitor starting"}
{"t":{"$date":"2020-09-02T16:08:49.617+05:30"},"s":"W",  "c":"CONTROL",  "id":22120,   "ctx":"initandlisten","msg":"Access control is not enabled for the database. Read and write access to data and configuration is unrestricted","tags":["startupWarnings"]}
{"t":{"$date":"2020-09-02T16:08:49.617+05:30"},"s":"W",  "c":"CONTROL",  "id":22140,   "ctx":"initandlisten","msg":"This server is bound to localhost. Remote systems will be unable to connect to this server. Start the server with --bind_ip <address> to specify which IP addresses it should serve responses from, or with --bind_ip_all to bind to all interfaces. If this behavior is desired, start the server with --bind_ip 127.0.0.1 to disable this warning","tags":["startupWarnings"]}
{"t":{"$date":"2020-09-02T16:08:49.630+05:30"},"s":"I",  "c":"STORAGE",  "id":20536,   "ctx":"initandlisten","msg":"Flow Control is enabled on this deployment"}
{"t":{"$date":"2020-09-02T16:08:50.169+05:30"},"s":"I",  "c":"FTDC",     "id":20625,   "ctx":"initandlisten","msg":"Initializing full-time diagnostic data capture","attr":{"dataDirectory":"./data/db/diagnostic.data"}}
{"t":{"$date":"2020-09-02T16:08:50.173+05:30"},"s":"I",  "c":"NETWORK",  "id":23015,   "ctx":"listener","msg":"Listening on","attr":{"address":"127.0.0.1"}}
{"t":{"$date":"2020-09-02T16:08:50.173+05:30"},"s":"I",  "c":"NETWORK",  "id":23016,   "ctx":"listener","msg":"Waiting for connections","attr":{"port":27017,"ssl":"off"}}
{"t":{"$date":"2020-09-02T16:09:49.518+05:30"},"s":"I",  "c":"CONTROL",  "id":23372,   "ctx":"thread1","msg":"Ctrl-C signal"}
{"t":{"$date":"2020-09-02T16:09:49.519+05:30"},"s":"I",  "c":"CONTROL",  "id":23371,   "ctx":"consoleTerminate","msg":"Received event, will terminate after current command ends","attr":{"controlCode":"CTRL_C_EVENT"}}
{"t":{"$date":"2020-09-02T16:09:49.520+05:30"},"s":"I",  "c":"NETWORK",  "id":20562,   "ctx":"consoleTerminate","msg":"Shutdown: going to close listening sockets"}
{"t":{"$date":"2020-09-02T16:09:49.520+05:30"},"s":"I",  "c":"-",        "id":20520,   "ctx":"consoleTerminate","msg":"Stopping further Flow Control ticket acquisitions."}
{"t":{"$date":"2020-09-02T16:09:49.521+05:30"},"s":"I",  "c":"-",        "id":4695300, "ctx":"consoleTerminate","msg":"Interrupted all currently running operations","attr":{"opsKilled":3}}
{"t":{"$date":"2020-09-02T16:09:49.521+05:30"},"s":"I",  "c":"CONTROL",  "id":20609,   "ctx":"consoleTerminate","msg":"Shutting down free monitoring"}
{"t":{"$date":"2020-09-02T16:09:49.522+05:30"},"s":"I",  "c":"FTDC",     "id":20626,   "ctx":"consoleTerminate","msg":"Shutting down full-time diagnostic data capture"}
{"t":{"$date":"2020-09-02T16:09:49.530+05:30"},"s":"I",  "c":"STORAGE",  "id":20282,   "ctx":"consoleTerminate","msg":"Deregistering all the collections"}
{"t":{"$date":"2020-09-02T16:09:49.531+05:30"},"s":"I",  "c":"STORAGE",  "id":22261,   "ctx":"consoleTerminate","msg":"Timestamp monitor shutting down"}
{"t":{"$date":"2020-09-02T16:09:49.531+05:30"},"s":"I",  "c":"STORAGE",  "id":22317,   "ctx":"consoleTerminate","msg":"WiredTigerKVEngine shutting down"}
{"t":{"$date":"2020-09-02T16:09:49.534+05:30"},"s":"I",  "c":"STORAGE",  "id":22318,   "ctx":"consoleTerminate","msg":"Shutting down session sweeper thread"}
{"t":{"$date":"2020-09-02T16:09:49.534+05:30"},"s":"I",  "c":"STORAGE",  "id":22319,   "ctx":"consoleTerminate","msg":"Finished shutting down session sweeper thread"}
{"t":{"$date":"2020-09-02T16:09:49.534+05:30"},"s":"I",  "c":"STORAGE",  "id":22320,   "ctx":"consoleTerminate","msg":"Shutting down journal flusher thread"}
{"t":{"$date":"2020-09-02T16:09:49.534+05:30"},"s":"I",  "c":"STORAGE",  "id":22321,   "ctx":"consoleTerminate","msg":"Finished shutting down journal flusher thread"}
{"t":{"$date":"2020-09-02T16:09:49.534+05:30"},"s":"I",  "c":"STORAGE",  "id":22322,   "ctx":"consoleTerminate","msg":"Shutting down checkpoint thread"}
{"t":{"$date":"2020-09-02T16:09:49.534+05:30"},"s":"I",  "c":"STORAGE",  "id":22323,   "ctx":"consoleTerminate","msg":"Finished shutting down checkpoint thread"}
{"t":{"$date":"2020-09-02T16:09:49.534+05:30"},"s":"I",  "c":"STORAGE",  "id":4795902, "ctx":"consoleTerminate","msg":"Closing WiredTiger","attr":{"closeConfig":"leak_memory=true,"}}
{"t":{"$date":"2020-09-02T16:09:49.564+05:30"},"s":"I",  "c":"STORAGE",  "id":4795901, "ctx":"consoleTerminate","msg":"WiredTiger closed","attr":{"durationMillis":30}}
{"t":{"$date":"2020-09-02T16:09:49.564+05:30"},"s":"I",  "c":"STORAGE",  "id":22281,   "ctx":"consoleTerminate","msg":"shutdown: removing fs lock..."}
{"t":{"$date":"2020-09-02T16:09:49.564+05:30"},"s":"I",  "c":"CONTROL",  "id":20565,   "ctx":"consoleTerminate","msg":"Now exiting"}
{"t":{"$date":"2020-09-02T16:09:49.564+05:30"},"s":"I",  "c":"CONTROL",  "id":23138,   "ctx":"consoleTerminate","msg":"Shutting down","attr":{"exitCode":12}}
